<html>
<head>
<title>TestNG:  Test</title>
<link href="../testng.css" rel="stylesheet" type="text/css" />
<link href="../my-testng.css" rel="stylesheet" type="text/css" />

<style type="text/css">
.log { display: none;} 
.stack-trace { display: none;} 
</style>
<script type="text/javascript">
<!--
function flip(e) {
  current = e.style.display;
  if (current == 'block') {
    e.style.display = 'none';
    return 0;
  }
  else {
    e.style.display = 'block';
    return 1;
  }
}

function toggleBox(szDivId, elem, msg1, msg2)
{
  var res = -1;  if (document.getElementById) {
    res = flip(document.getElementById(szDivId));
  }
  else if (document.all) {
    // this is the way old msie versions work
    res = flip(document.all[szDivId]);
  }
  if(elem) {
    if(res == 0) elem.innerHTML = msg1; else elem.innerHTML = msg2;
  }

}

function toggleAllBoxes() {
  if (document.getElementsByTagName) {
    d = document.getElementsByTagName('div');
    for (i = 0; i < d.length; i++) {
      if (d[i].className == 'log') {
        flip(d[i]);
      }
    }
  }
}

// -->
</script>

</head>
<body>
<h2 align='center'>Test</h2><table border='1' align="center">
<tr>
<td>Tests passed/Failed/Skipped:</td><td>10/1/0</td>
</tr><tr>
<td>Started on:</td><td>Tue Sep 24 07:18:53 EDT 2024</td>
</tr>
<tr><td>Total time:</td><td>65 seconds (65797 ms)</td>
</tr><tr>
<td>Included groups:</td><td></td>
</tr><tr>
<td>Excluded groups:</td><td></td>
</tr>
</table><p/>
<small><i>(Hover the method name to see the test class name)</i></small><p/>
<table width='100%' border='1' class='invocation-failed'>
<tr><td colspan='4' align='center'><b>FAILED TESTS</b></td></tr>
<tr><td><b>Test method</b></td>
<td><b>Attribute(s)</b></td>
<td width="30%"><b>Exception</b></td>
<td width="10%"><b>Time (seconds)</b></td>
<td><b>Instance</b></td>
</tr>
<tr>
<td title='screenshots_Failed_TestCases_listeners.LoginTest.loginWithInvalidEmailValidPassword()'><b>loginWithInvalidEmailValidPassword</b><br>Test class: screenshots_Failed_TestCases_listeners.LoginTest</td>
<td><div><pre>java.lang.AssertionError: did not expect [Warning: No match for E-Mail Address and/or Password.] but found [Warning: No match for E-Mail Address and/or Password.]
	at screenshots_Failed_TestCases_listeners.LoginTest.loginWithInvalidEmailValidPassword(LoginTest.java:93)
	at java.base/java.util.ArrayList.forEach(ArrayList.java:1511)
... Removed 32 stack frames</pre></div><a href='#' onClick='toggleBox("stack-trace809860628", this, "Click to show all stack frames", "Click to hide stack frames")'>Click to show all stack frames</a>
<div class='stack-trace' id='stack-trace809860628'><pre>java.lang.AssertionError: did not expect [Warning: No match for E-Mail Address and/or Password.] but found [Warning: No match for E-Mail Address and/or Password.]
	at org.testng.Assert.fail(Assert.java:111)
	at org.testng.Assert.failEquals(Assert.java:1582)
	at org.testng.Assert.assertNotEqualsImpl(Assert.java:157)
	at org.testng.Assert.assertNotEquals(Assert.java:2201)
	at org.testng.Assert.assertNotEquals(Assert.java:2223)
	at screenshots_Failed_TestCases_listeners.LoginTest.loginWithInvalidEmailValidPassword(LoginTest.java:93)
	at java.base/jdk.internal.reflect.NativeMethodAccessorImpl.invoke0(Native Method)
	at java.base/jdk.internal.reflect.NativeMethodAccessorImpl.invoke(NativeMethodAccessorImpl.java:77)
	at java.base/jdk.internal.reflect.DelegatingMethodAccessorImpl.invoke(DelegatingMethodAccessorImpl.java:43)
	at java.base/java.lang.reflect.Method.invoke(Method.java:568)
	at org.testng.internal.invokers.MethodInvocationHelper.invokeMethod(MethodInvocationHelper.java:141)
	at org.testng.internal.invokers.TestInvoker.invokeMethod(TestInvoker.java:686)
	at org.testng.internal.invokers.TestInvoker.invokeTestMethod(TestInvoker.java:230)
	at org.testng.internal.invokers.MethodRunner.runInSequence(MethodRunner.java:63)
	at org.testng.internal.invokers.TestInvoker$MethodInvocationAgent.invoke(TestInvoker.java:992)
	at org.testng.internal.invokers.TestInvoker.invokeTestMethods(TestInvoker.java:203)
	at org.testng.internal.invokers.TestMethodWorker.invokeTestMethods(TestMethodWorker.java:154)
	at org.testng.internal.invokers.TestMethodWorker.run(TestMethodWorker.java:134)
	at java.base/java.util.ArrayList.forEach(ArrayList.java:1511)
	at org.testng.TestRunner.privateRun(TestRunner.java:739)
	at org.testng.TestRunner.run(TestRunner.java:614)
	at org.testng.SuiteRunner.runTest(SuiteRunner.java:421)
	at org.testng.SuiteRunner.runSequentially(SuiteRunner.java:413)
	at org.testng.SuiteRunner.privateRun(SuiteRunner.java:373)
	at org.testng.SuiteRunner.run(SuiteRunner.java:312)
	at org.testng.SuiteRunnerWorker.runSuite(SuiteRunnerWorker.java:52)
	at org.testng.SuiteRunnerWorker.run(SuiteRunnerWorker.java:95)
	at org.testng.TestNG.runSuitesSequentially(TestNG.java:1274)
	at org.testng.TestNG.runSuitesLocally(TestNG.java:1208)
	at org.testng.TestNG.runSuites(TestNG.java:1112)
	at org.testng.TestNG.run(TestNG.java:1079)
	at org.testng.remote.AbstractRemoteTestNG.run(AbstractRemoteTestNG.java:115)
	at org.testng.remote.RemoteTestNG.initAndRun(RemoteTestNG.java:293)
	at org.testng.remote.RemoteTestNG.main(RemoteTestNG.java:91)
</pre></div></td>
<td>0</td>
<td>screenshots_Failed_TestCases_listeners.LoginTest@6e20b53a</td></tr>
</table><p>
<table width='100%' border='1' class='invocation-passed'>
<tr><td colspan='4' align='center'><b>PASSED TESTS</b></td></tr>
<tr><td><b>Test method</b></td>
<td><b>Attribute(s)</b></td>
<td width="30%"><b>Exception</b></td>
<td width="10%"><b>Time (seconds)</b></td>
<td><b>Instance</b></td>
</tr>
<tr>
<td title='screenshots_Failed_TestCases_listeners.LoginTest.loginWithNoCredentials()'><b>loginWithNoCredentials</b><br>Test class: screenshots_Failed_TestCases_listeners.LoginTest</td>
<td></td>
<td>0</td>
<td>screenshots_Failed_TestCases_listeners.LoginTest@6e20b53a</td></tr>
<tr>
<td title='screenshots_Failed_TestCases_listeners.LoginTest.loginWithInvalidCredentials()'><b>loginWithInvalidCredentials</b><br>Test class: screenshots_Failed_TestCases_listeners.LoginTest</td>
<td></td>
<td>0</td>
<td>screenshots_Failed_TestCases_listeners.LoginTest@6e20b53a</td></tr>
<tr>
<td title='screenshots_Failed_TestCases_listeners.SearchTest.verifySearchWithValidProduct()'><b>verifySearchWithValidProduct</b><br>Test class: screenshots_Failed_TestCases_listeners.SearchTest</td>
<td></td>
<td>2</td>
<td>screenshots_Failed_TestCases_listeners.SearchTest@2d7275fc</td></tr>
<tr>
<td title='screenshots_Failed_TestCases_listeners.SearchTest.verifySearchWithInvalidProduct()'><b>verifySearchWithInvalidProduct</b><br>Test class: screenshots_Failed_TestCases_listeners.SearchTest</td>
<td></td>
<td>0</td>
<td>screenshots_Failed_TestCases_listeners.SearchTest@2d7275fc</td></tr>
<tr>
<td title='screenshots_Failed_TestCases_listeners.RegisterTest.verifyRegisterWithMandatoryDetails()'><b>verifyRegisterWithMandatoryDetails</b><br>Test class: screenshots_Failed_TestCases_listeners.RegisterTest</td>
<td></td>
<td>1</td>
<td>screenshots_Failed_TestCases_listeners.RegisterTest@399f45b1</td></tr>
<tr>
<td title='screenshots_Failed_TestCases_listeners.RegisterTest.verifyRegisterWithAllDetails()'><b>verifyRegisterWithAllDetails</b><br>Test class: screenshots_Failed_TestCases_listeners.RegisterTest</td>
<td></td>
<td>1</td>
<td>screenshots_Failed_TestCases_listeners.RegisterTest@399f45b1</td></tr>
<tr>
<td title='screenshots_Failed_TestCases_listeners.SearchTest.verifySearchWithNoProduct()'><b>verifySearchWithNoProduct</b><br>Test class: screenshots_Failed_TestCases_listeners.SearchTest</td>
<td></td>
<td>2</td>
<td>screenshots_Failed_TestCases_listeners.SearchTest@2d7275fc</td></tr>
<tr>
<td title='screenshots_Failed_TestCases_listeners.RegisterTest.verifyRegisterWithIncorrectConfirmPassword()'><b>verifyRegisterWithIncorrectConfirmPassword</b><br>Test class: screenshots_Failed_TestCases_listeners.RegisterTest</td>
<td></td>
<td>0</td>
<td>screenshots_Failed_TestCases_listeners.RegisterTest@399f45b1</td></tr>
<tr>
<td title='screenshots_Failed_TestCases_listeners.LoginTest.loginWithValidEmailInvalidPassword()'><b>loginWithValidEmailInvalidPassword</b><br>Test class: screenshots_Failed_TestCases_listeners.LoginTest</td>
<td></td>
<td>0</td>
<td>screenshots_Failed_TestCases_listeners.LoginTest@6e20b53a</td></tr>
<tr>
<td title='screenshots_Failed_TestCases_listeners.RegisterTest.verifyRegisterWithNoDetails()'><b>verifyRegisterWithNoDetails</b><br>Test class: screenshots_Failed_TestCases_listeners.RegisterTest</td>
<td></td>
<td>0</td>
<td>screenshots_Failed_TestCases_listeners.RegisterTest@399f45b1</td></tr>
</table><p>
</body>
</html>