<?xml version="1.0" encoding="UTF-8"?>
<!-- Generated by org.testng.reporters.JUnitXMLReporter -->
<testsuite ignored="1" hostname="mac.lan" failures="1" tests="11" name="Test" time="65.797" errors="0" timestamp="2024-09-24T07:19:59 EDT">
  <testcase classname="screenshots_Failed_TestCases_listeners.LoginTest" name="loginWithNoCredentials" time="0.735"/>
  <testcase classname="screenshots_Failed_TestCases_listeners.LoginTest" name="loginWithInvalidCredentials" time="0.737"/>
  <testcase classname="screenshots_Failed_TestCases_listeners.LoginTest" name="loginWithValidEmailInvalidPassword" time="0.633"/>
  <testcase classname="screenshots_Failed_TestCases_listeners.LoginTest" name="loginWithInvalidEmailValidPassword" time="0.618">
    <failure type="java.lang.AssertionError" message="did not expect [Warning: No match for E-Mail Address and/or Password.] but found [Warning: No match for E-Mail Address and/or Password.]">
      <![CDATA[java.lang.AssertionError: did not expect [Warning: No match for E-Mail Address and/or Password.] but found [Warning: No match for E-Mail Address and/or Password.]
at screenshots_Failed_TestCases_listeners.LoginTest.loginWithInvalidEmailValidPassword(LoginTest.java:93)
at java.base/java.util.ArrayList.forEach(ArrayList.java:1511)
... Removed 32 stack frames]]>
    </failure>
  </testcase> <!-- loginWithInvalidEmailValidPassword -->
  <testcase classname="screenshots_Failed_TestCases_listeners.SearchTest" name="verifySearchWithInvalidProduct" time="0.437"/>
  <testcase classname="screenshots_Failed_TestCases_listeners.SearchTest" name="verifySearchWithNoProduct" time="2.293"/>
  <testcase classname="screenshots_Failed_TestCases_listeners.SearchTest" name="verifySearchWithValidProduct" time="2.723"/>
  <testcase classname="screenshots_Failed_TestCases_listeners.RegisterTest" name="verifyRegisterWithMandatoryDetails" time="1.041"/>
  <testcase classname="screenshots_Failed_TestCases_listeners.RegisterTest" name="verifyRegisterWithAllDetails" time="1.047"/>
  <testcase classname="screenshots_Failed_TestCases_listeners.RegisterTest" name="verifyRegisterWithIncorrectConfirmPassword" time="0.65"/>
  <testcase classname="screenshots_Failed_TestCases_listeners.RegisterTest" name="verifyRegisterWithNoDetails" time="0.512"/>
  <testcase classname="screenshots_Failed_TestCases_listeners.LoginTest" name="loginWithValidCredentials" time="0.0">
    <ignored/>
  </testcase> <!-- loginWithValidCredentials -->
</testsuite> <!-- Test -->
